Build started 3/16/2015 3:25:00 PM.
     1>Project "C:\Users\narendra\Documents\Visual Studio 2010\Projects\Corner_3\Corner_3\Corner_3.vcxproj" on node 2 (build target(s)).
     1>InitializeBuildStatus:
         Creating "Debug\Corner2-EPC.unsuccessfulbuild" because "AlwaysCreate" was specified.
       ClCompile:
         All outputs are up-to-date.
       ManifestResourceCompile:
         All outputs are up-to-date.
       Link:
         C:\Program Files (x86)\Microsoft Visual Studio 10.0\VC\bin\link.exe /ERRORREPORT:PROMPT /OUT:"C:\Users\narendra\Documents\Visual Studio 2010\Projects\Corner_3\Debug\Corner2-EPC.exe" /INCREMENTAL /NOLOGO /LIBPATH:"C:\Users\narendra\Documents\Visual Studio 2010\Projects\Corner_3\lib" zlibstatd.lib libpngd.lib kernel32.lib user32.lib gdi32.lib winspool.lib comdlg32.lib advapi32.lib shell32.lib ole32.lib oleaut32.lib uuid.lib odbc32.lib odbccp32.lib kernel32.lib user32.lib gdi32.lib winspool.lib comdlg32.lib advapi32.lib shell32.lib ole32.lib oleaut32.lib uuid.lib odbc32.lib odbccp32.lib /MANIFEST /ManifestFile:"Debug\Corner2-EPC.exe.intermediate.manifest" /MANIFESTUAC:"level='asInvoker' uiAccess='false'" /DEBUG /PDB:"C:\Users\narendra\Documents\Visual Studio 2010\Projects\Corner_3\Debug\Corner2-EPC.pdb" /SUBSYSTEM:CONSOLE /TLBID:1 /DYNAMICBASE /NXCOMPAT /IMPLIB:"C:\Users\narendra\Documents\Visual Studio 2010\Projects\Corner_3\Debug\Corner2-EPC.lib" /MACHINE:X86 "Debug\Corner2-EPC.exe.embed.manifest.res"
         Debug\AC.obj
         Debug\ClassDecoder.obj
         Debug\ClassEncoder.obj
         Debug\ClassPNG.obj
         Debug\EndPoints.obj
         Debug\Main.obj
       Manifest:
         C:\Program Files (x86)\Microsoft SDKs\Windows\v7.0A\bin\mt.exe /nologo /verbose /out:"Debug\Corner2-EPC.exe.embed.manifest" /manifest "Debug\Corner2-EPC.exe.intermediate.manifest"
         All outputs are up-to-date.
       LinkEmbedManifest:
         All outputs are up-to-date.
         Corner_3.vcxproj -> C:\Users\narendra\Documents\Visual Studio 2010\Projects\Corner_3\Debug\Corner2-EPC.exe
       FinalizeBuildStatus:
         Deleting file "Debug\Corner2-EPC.unsuccessfulbuild".
         Touching "Debug\Corner2-EPC.lastbuildstate".
     1>Done Building Project "C:\Users\narendra\Documents\Visual Studio 2010\Projects\Corner_3\Corner_3\Corner_3.vcxproj" (build target(s)).

Build succeeded.

Time Elapsed 00:00:03.33
