C:\USERS\NARENDRA\DOCUMENTS\VISUAL STUDIO 2010\PROJECTS\CORNER_3\CORNER_3\RELEASE\AC.OBJ
C:\USERS\NARENDRA\DOCUMENTS\VISUAL STUDIO 2010\PROJECTS\CORNER_3\CORNER_3\RELEASE\CLASSDECODER.OBJ
C:\USERS\NARENDRA\DOCUMENTS\VISUAL STUDIO 2010\PROJECTS\CORNER_3\CORNER_3\RELEASE\CLASSENCODER.OBJ
C:\USERS\NARENDRA\DOCUMENTS\VISUAL STUDIO 2010\PROJECTS\CORNER_3\CORNER_3\RELEASE\CLASSPNG.OBJ
C:\USERS\NARENDRA\DOCUMENTS\VISUAL STUDIO 2010\PROJECTS\CORNER_3\CORNER_3\RELEASE\ENDPOINTS.OBJ
C:\USERS\NARENDRA\DOCUMENTS\VISUAL STUDIO 2010\PROJECTS\CORNER_3\CORNER_3\RELEASE\MAIN.OBJ
C:\USERS\NARENDRA\DOCUMENTS\VISUAL STUDIO 2010\PROJECTS\CORNER_3\CORNER_3\RELEASE\MAIN2.OBJ
C:\USERS\NARENDRA\DOCUMENTS\VISUAL STUDIO 2010\PROJECTS\CORNER_3\CORNER_3\RELEASE\VC100.PDB
C:\USERS\NARENDRA\DOCUMENTS\VISUAL STUDIO 2010\PROJECTS\CORNER_3\CORNER2-EPC\RELEASE\AC.OBJ
C:\USERS\NARENDRA\DOCUMENTS\VISUAL STUDIO 2010\PROJECTS\CORNER_3\CORNER2-EPC\RELEASE\CLASSDECODER.OBJ
C:\USERS\NARENDRA\DOCUMENTS\VISUAL STUDIO 2010\PROJECTS\CORNER_3\CORNER2-EPC\RELEASE\CLASSENCODER.OBJ
C:\USERS\NARENDRA\DOCUMENTS\VISUAL STUDIO 2010\PROJECTS\CORNER_3\CORNER2-EPC\RELEASE\CLASSPNG.OBJ
C:\USERS\NARENDRA\DOCUMENTS\VISUAL STUDIO 2010\PROJECTS\CORNER_3\CORNER2-EPC\RELEASE\CORNER2-EPC.EXE
C:\USERS\NARENDRA\DOCUMENTS\VISUAL STUDIO 2010\PROJECTS\CORNER_3\CORNER2-EPC\RELEASE\CORNER2-EPC.EXE.INTERMEDIATE.MANIFEST
C:\USERS\NARENDRA\DOCUMENTS\VISUAL STUDIO 2010\PROJECTS\CORNER_3\CORNER2-EPC\RELEASE\ENDPOINTS.OBJ
C:\USERS\NARENDRA\DOCUMENTS\VISUAL STUDIO 2010\PROJECTS\CORNER_3\CORNER2-EPC\RELEASE\MAIN.OBJ
C:\USERS\NARENDRA\DOCUMENTS\VISUAL STUDIO 2010\PROJECTS\CORNER_3\CORNER2-EPC\RELEASE\VC100.PDB
C:\USERS\NARENDRA\DOCUMENTS\VISUAL STUDIO 2010\PROJECTS\CORNER_3\RELEASE\CORNER_3.EXE
C:\USERS\NARENDRA\DOCUMENTS\VISUAL STUDIO 2010\PROJECTS\CORNER_3\RELEASE\CORNER2-EPC.EXE
C:\USERS\NARENDRA\DOCUMENTS\VISUAL STUDIO 2010\PROJECTS\CORNER_3\RELEASE\CORNER2-EPC.PDB
C:\USERS\NARENDRA\DOCUMENTS\VISUAL STUDIO 2010\PROJECTS\CORNER2-EPC\CORNER2-EPC\RELEASE\AC.OBJ
C:\Users\narendra\Documents\Visual Studio 2010\Projects\Corner2-EPC\Corner2-EPC\Release\cl.command.1.tlog
C:\Users\narendra\Documents\Visual Studio 2010\Projects\Corner2-EPC\Corner2-EPC\Release\CL.read.1.tlog
C:\Users\narendra\Documents\Visual Studio 2010\Projects\Corner2-EPC\Corner2-EPC\Release\CL.write.1.tlog
C:\USERS\NARENDRA\DOCUMENTS\VISUAL STUDIO 2010\PROJECTS\CORNER2-EPC\CORNER2-EPC\RELEASE\CLASSDECODER.OBJ
C:\USERS\NARENDRA\DOCUMENTS\VISUAL STUDIO 2010\PROJECTS\CORNER2-EPC\CORNER2-EPC\RELEASE\CLASSENCODER.OBJ
C:\USERS\NARENDRA\DOCUMENTS\VISUAL STUDIO 2010\PROJECTS\CORNER2-EPC\CORNER2-EPC\RELEASE\CLASSPNG.OBJ
C:\USERS\NARENDRA\DOCUMENTS\VISUAL STUDIO 2010\PROJECTS\CORNER2-EPC\CORNER2-EPC\RELEASE\CORNER2-EPC.EXE.INTERMEDIATE.MANIFEST
C:\Users\narendra\Documents\Visual Studio 2010\Projects\Corner2-EPC\Corner2-EPC\Release\Corner2-EPC.vcxprojResolveAssemblyReference.cache
C:\Users\narendra\Documents\Visual Studio 2010\Projects\Corner2-EPC\Corner2-EPC\Release\Corner2-EPC.write.1.tlog
C:\USERS\NARENDRA\DOCUMENTS\VISUAL STUDIO 2010\PROJECTS\CORNER2-EPC\CORNER2-EPC\RELEASE\ENDPOINTS.OBJ
C:\Users\narendra\Documents\Visual Studio 2010\Projects\Corner2-EPC\Corner2-EPC\Release\link.command.1.tlog
C:\Users\narendra\Documents\Visual Studio 2010\Projects\Corner2-EPC\Corner2-EPC\Release\link.read.1.tlog
C:\Users\narendra\Documents\Visual Studio 2010\Projects\Corner2-EPC\Corner2-EPC\Release\link.write.1.tlog
C:\USERS\NARENDRA\DOCUMENTS\VISUAL STUDIO 2010\PROJECTS\CORNER2-EPC\CORNER2-EPC\RELEASE\MAIN.OBJ
C:\Users\narendra\Documents\Visual Studio 2010\Projects\Corner2-EPC\Corner2-EPC\Release\mt.command.1.tlog
C:\Users\narendra\Documents\Visual Studio 2010\Projects\Corner2-EPC\Corner2-EPC\Release\mt.read.1.tlog
C:\Users\narendra\Documents\Visual Studio 2010\Projects\Corner2-EPC\Corner2-EPC\Release\mt.write.1.tlog
C:\USERS\NARENDRA\DOCUMENTS\VISUAL STUDIO 2010\PROJECTS\CORNER2-EPC\CORNER2-EPC\RELEASE\VC100.PDB
C:\USERS\NARENDRA\DOCUMENTS\VISUAL STUDIO 2010\PROJECTS\CORNER2-EPC\RELEASE\CORNER2-EPC.EXE
C:\USERS\NARENDRA\DOCUMENTS\VISUAL STUDIO 2010\PROJECTS\CORNER2-EPC\RELEASE\CORNER2-EPC.PDB
